
*** Running vivado
    with args -log servos.vdi -applog -m64 -product Vivado -messageDb vivado.pb -mode batch -source servos.tcl -notrace


****** Vivado v2018.2 (64-bit)
  **** SW Build 2258646 on Thu Jun 14 20:03:12 MDT 2018
  **** IP Build 2256618 on Thu Jun 14 22:10:49 MDT 2018
    ** Copyright 1986-2018 Xilinx, Inc. All Rights Reserved.

source servos.tcl -notrace
Command: link_design -top servos -part xc7z020clg484-1
Design is defaulting to srcset: sources_1
Design is defaulting to constrset: constrs_1
INFO: [Netlist 29-17] Analyzing 159 Unisim elements for replacement
INFO: [Netlist 29-28] Unisim Transformation completed in 0 CPU seconds
WARNING: [Netlist 29-101] Netlist 'servos' is not ideal for floorplanning, since the cellview 'servos' contains a large number of primitives.  Please consider enabling hierarchy in synthesis if you want to do floorplanning.
INFO: [Project 1-479] Netlist was created with Vivado 2018.2
INFO: [Device 21-403] Loading part xc7z020clg484-1
INFO: [Project 1-570] Preparing netlist for logic optimization
Parsing XDC File [C:/Users/hs696802/Desktop/servo_middle/servo_middle.srcs/constrs_1/imports/Desktop/zedboard_master_XDC_RevC_D_v3.xdc]
WARNING: [Vivado 12-584] No ports matched '[get_ports -of_objects [get_iobanks 33]]'. [C:/Users/hs696802/Desktop/servo_middle/servo_middle.srcs/constrs_1/imports/Desktop/zedboard_master_XDC_RevC_D_v3.xdc:362]
CRITICAL WARNING: [Common 17-55] 'set_property' expects at least one object. [C:/Users/hs696802/Desktop/servo_middle/servo_middle.srcs/constrs_1/imports/Desktop/zedboard_master_XDC_RevC_D_v3.xdc:362]
Resolution: If [get_<value>] was used to populate the object, check to make sure this command returns at least one valid object.
WARNING: [Vivado 12-584] No ports matched '[get_ports -of_objects [get_iobanks 35]]'. [C:/Users/hs696802/Desktop/servo_middle/servo_middle.srcs/constrs_1/imports/Desktop/zedboard_master_XDC_RevC_D_v3.xdc:372]
CRITICAL WARNING: [Common 17-55] 'set_property' expects at least one object. [C:/Users/hs696802/Desktop/servo_middle/servo_middle.srcs/constrs_1/imports/Desktop/zedboard_master_XDC_RevC_D_v3.xdc:372]
Resolution: If [get_<value>] was used to populate the object, check to make sure this command returns at least one valid object.
Finished Parsing XDC File [C:/Users/hs696802/Desktop/servo_middle/servo_middle.srcs/constrs_1/imports/Desktop/zedboard_master_XDC_RevC_D_v3.xdc]
INFO: [Opt 31-138] Pushed 0 inverter(s) to 0 load pin(s).
INFO: [Project 1-111] Unisim Transformation Summary:
No Unisim elements were transformed.

7 Infos, 3 Warnings, 2 Critical Warnings and 0 Errors encountered.
link_design completed successfully
link_design: Time (s): cpu = 00:00:07 ; elapsed = 00:00:10 . Memory (MB): peak = 650.082 ; gain = 338.883
Command: opt_design
Attempting to get a license for feature 'Implementation' and/or device 'xc7z020'
INFO: [Common 17-349] Got license for feature 'Implementation' and/or device 'xc7z020'
Running DRC as a precondition to command opt_design

Starting DRC Task
INFO: [DRC 23-27] Running DRC with 2 threads
INFO: [Project 1-461] DRC finished with 0 Errors
INFO: [Project 1-462] Please refer to the DRC report (report_drc) for more information.

Time (s): cpu = 00:00:01 ; elapsed = 00:00:00.799 . Memory (MB): peak = 665.328 ; gain = 15.246

Starting Cache Timing Information Task
INFO: [Timing 38-35] Done setting XDC timing constraints.
Ending Cache Timing Information Task | Checksum: dceb3074

Time (s): cpu = 00:00:10 ; elapsed = 00:00:12 . Memory (MB): peak = 1219.816 ; gain = 554.488

Starting Logic Optimization Task

Phase 1 Retarget
INFO: [Opt 31-138] Pushed 0 inverter(s) to 0 load pin(s).
INFO: [Opt 31-49] Retargeted 0 cell(s).
Phase 1 Retarget | Checksum: dceb3074

Time (s): cpu = 00:00:00 ; elapsed = 00:00:00.074 . Memory (MB): peak = 1219.816 ; gain = 0.000
INFO: [Opt 31-389] Phase Retarget created 0 cells and removed 0 cells

Phase 2 Constant propagation
INFO: [Opt 31-138] Pushed 0 inverter(s) to 0 load pin(s).
Phase 2 Constant propagation | Checksum: 1bca6f8ad

Time (s): cpu = 00:00:00 ; elapsed = 00:00:00.103 . Memory (MB): peak = 1219.816 ; gain = 0.000
INFO: [Opt 31-389] Phase Constant propagation created 0 cells and removed 0 cells

Phase 3 Sweep
Phase 3 Sweep | Checksum: 143610829

Time (s): cpu = 00:00:00 ; elapsed = 00:00:00.135 . Memory (MB): peak = 1219.816 ; gain = 0.000
INFO: [Opt 31-389] Phase Sweep created 0 cells and removed 0 cells

Phase 4 BUFG optimization
Phase 4 BUFG optimization | Checksum: 143610829

Time (s): cpu = 00:00:00 ; elapsed = 00:00:00.211 . Memory (MB): peak = 1219.816 ; gain = 0.000
INFO: [Opt 31-662] Phase BUFG optimization created 0 cells of which 0 are BUFGs and removed 0 cells.

Phase 5 Shift Register Optimization
Phase 5 Shift Register Optimization | Checksum: 18286387c

Time (s): cpu = 00:00:00 ; elapsed = 00:00:00.281 . Memory (MB): peak = 1219.816 ; gain = 0.000
INFO: [Opt 31-389] Phase Shift Register Optimization created 0 cells and removed 0 cells

Phase 6 Post Processing Netlist
Phase 6 Post Processing Netlist | Checksum: 18286387c

Time (s): cpu = 00:00:00 ; elapsed = 00:00:00.288 . Memory (MB): peak = 1219.816 ; gain = 0.000
INFO: [Opt 31-389] Phase Post Processing Netlist created 0 cells and removed 0 cells

Starting Connectivity Check Task

Time (s): cpu = 00:00:00 ; elapsed = 00:00:00.002 . Memory (MB): peak = 1219.816 ; gain = 0.000
Ending Logic Optimization Task | Checksum: 18286387c

Time (s): cpu = 00:00:00 ; elapsed = 00:00:00.296 . Memory (MB): peak = 1219.816 ; gain = 0.000

Starting Power Optimization Task
INFO: [Pwropt 34-132] Skipping clock gating for clocks with a period < 2.00 ns.
Ending Power Optimization Task | Checksum: 18286387c

Time (s): cpu = 00:00:00 ; elapsed = 00:00:00.027 . Memory (MB): peak = 1219.816 ; gain = 0.000

Starting Final Cleanup Task
Ending Final Cleanup Task | Checksum: 18286387c

Time (s): cpu = 00:00:00 ; elapsed = 00:00:00 . Memory (MB): peak = 1219.816 ; gain = 0.000
INFO: [Common 17-83] Releasing license: Implementation
23 Infos, 3 Warnings, 2 Critical Warnings and 0 Errors encountered.
opt_design completed successfully
opt_design: Time (s): cpu = 00:00:11 ; elapsed = 00:00:13 . Memory (MB): peak = 1219.816 ; gain = 569.734
INFO: [Timing 38-480] Writing timing data to binary archive.
Writing placer database...
Writing XDEF routing.
Writing XDEF routing logical nets.
Writing XDEF routing special nets.
Write XDEF Complete: Time (s): cpu = 00:00:01 ; elapsed = 00:00:00.057 . Memory (MB): peak = 1219.816 ; gain = 0.000
INFO: [Common 17-1381] The checkpoint 'C:/Users/hs696802/Desktop/servo_middle/servo_middle.runs/impl_1/servos_opt.dcp' has been generated.
INFO: [runtcl-4] Executing : report_drc -file servos_drc_opted.rpt -pb servos_drc_opted.pb -rpx servos_drc_opted.rpx
Command: report_drc -file servos_drc_opted.rpt -pb servos_drc_opted.pb -rpx servos_drc_opted.rpx
INFO: [IP_Flow 19-234] Refreshing IP repositories
INFO: [IP_Flow 19-1704] No user IP repositories specified
INFO: [IP_Flow 19-2313] Loaded Vivado IP repository 'C:/Xilinx/Vivado/2018.2/data/ip'.
INFO: [DRC 23-27] Running DRC with 2 threads
INFO: [Coretcl 2-168] The results of DRC are in file C:/Users/hs696802/Desktop/servo_middle/servo_middle.runs/impl_1/servos_drc_opted.rpt.
report_drc completed successfully
Command: place_design
Attempting to get a license for feature 'Implementation' and/or device 'xc7z020'
INFO: [Common 17-349] Got license for feature 'Implementation' and/or device 'xc7z020'
INFO: [DRC 23-27] Running DRC with 2 threads
INFO: [Vivado_Tcl 4-198] DRC finished with 0 Errors
INFO: [Vivado_Tcl 4-199] Please refer to the DRC report (report_drc) for more information.
Running DRC as a precondition to command place_design
INFO: [DRC 23-27] Running DRC with 2 threads
INFO: [Vivado_Tcl 4-198] DRC finished with 0 Errors
INFO: [Vivado_Tcl 4-199] Please refer to the DRC report (report_drc) for more information.

Starting Placer Task
INFO: [Place 30-611] Multithreading enabled for place_design using a maximum of 2 CPUs

Phase 1 Placer Initialization

Phase 1.1 Placer Initialization Netlist Sorting
Netlist sorting complete. Time (s): cpu = 00:00:00 ; elapsed = 00:00:00.002 . Memory (MB): peak = 1219.816 ; gain = 0.000
Phase 1.1 Placer Initialization Netlist Sorting | Checksum: 13896bbc3

Time (s): cpu = 00:00:00 ; elapsed = 00:00:00.023 . Memory (MB): peak = 1219.816 ; gain = 0.000
Netlist sorting complete. Time (s): cpu = 00:00:00 ; elapsed = 00:00:00.001 . Memory (MB): peak = 1219.816 ; gain = 0.000

Phase 1.2 IO Placement/ Clock Placement/ Build Placer Device
INFO: [Timing 38-35] Done setting XDC timing constraints.
Phase 1.2 IO Placement/ Clock Placement/ Build Placer Device | Checksum: 1220d8632

Time (s): cpu = 00:00:02 ; elapsed = 00:00:02 . Memory (MB): peak = 1233.418 ; gain = 13.602

Phase 1.3 Build Placer Netlist Model
Phase 1.3 Build Placer Netlist Model | Checksum: 1ba0400c0

Time (s): cpu = 00:00:03 ; elapsed = 00:00:02 . Memory (MB): peak = 1233.418 ; gain = 13.602

Phase 1.4 Constrain Clocks/Macros
Phase 1.4 Constrain Clocks/Macros | Checksum: 1ba0400c0

Time (s): cpu = 00:00:03 ; elapsed = 00:00:02 . Memory (MB): peak = 1233.418 ; gain = 13.602
Phase 1 Placer Initialization | Checksum: 1ba0400c0

Time (s): cpu = 00:00:03 ; elapsed = 00:00:02 . Memory (MB): peak = 1233.418 ; gain = 13.602

Phase 2 Global Placement

Phase 2.1 Floorplanning
Phase 2.1 Floorplanning | Checksum: 1ba0400c0

Time (s): cpu = 00:00:03 ; elapsed = 00:00:02 . Memory (MB): peak = 1233.418 ; gain = 13.602
WARNING: [Place 46-29] place_design is not in timing mode. Skip physical synthesis in placer
Phase 2 Global Placement | Checksum: 18f3f0390

Time (s): cpu = 00:00:05 ; elapsed = 00:00:03 . Memory (MB): peak = 1233.418 ; gain = 13.602

Phase 3 Detail Placement

Phase 3.1 Commit Multi Column Macros
Phase 3.1 Commit Multi Column Macros | Checksum: 18f3f0390

Time (s): cpu = 00:00:05 ; elapsed = 00:00:03 . Memory (MB): peak = 1233.418 ; gain = 13.602

Phase 3.2 Commit Most Macros & LUTRAMs
Phase 3.2 Commit Most Macros & LUTRAMs | Checksum: 162ee8429

Time (s): cpu = 00:00:05 ; elapsed = 00:00:03 . Memory (MB): peak = 1233.418 ; gain = 13.602

Phase 3.3 Area Swap Optimization
Phase 3.3 Area Swap Optimization | Checksum: 146233e03

Time (s): cpu = 00:00:05 ; elapsed = 00:00:03 . Memory (MB): peak = 1233.418 ; gain = 13.602

Phase 3.4 Pipeline Register Optimization
Phase 3.4 Pipeline Register Optimization | Checksum: 146233e03

Time (s): cpu = 00:00:05 ; elapsed = 00:00:03 . Memory (MB): peak = 1233.418 ; gain = 13.602

Phase 3.5 Small Shape Detail Placement
Phase 3.5 Small Shape Detail Placement | Checksum: 1590ac5df

Time (s): cpu = 00:00:05 ; elapsed = 00:00:04 . Memory (MB): peak = 1233.418 ; gain = 13.602

Phase 3.6 Re-assign LUT pins
Phase 3.6 Re-assign LUT pins | Checksum: 1590ac5df

Time (s): cpu = 00:00:05 ; elapsed = 00:00:04 . Memory (MB): peak = 1233.418 ; gain = 13.602

Phase 3.7 Pipeline Register Optimization
Phase 3.7 Pipeline Register Optimization | Checksum: 1590ac5df

Time (s): cpu = 00:00:05 ; elapsed = 00:00:04 . Memory (MB): peak = 1233.418 ; gain = 13.602
Phase 3 Detail Placement | Checksum: 1590ac5df

Time (s): cpu = 00:00:05 ; elapsed = 00:00:04 . Memory (MB): peak = 1233.418 ; gain = 13.602

Phase 4 Post Placement Optimization and Clean-Up

Phase 4.1 Post Commit Optimization
Phase 4.1 Post Commit Optimization | Checksum: 1590ac5df

Time (s): cpu = 00:00:05 ; elapsed = 00:00:04 . Memory (MB): peak = 1233.418 ; gain = 13.602

Phase 4.2 Post Placement Cleanup
Phase 4.2 Post Placement Cleanup | Checksum: 1590ac5df

Time (s): cpu = 00:00:05 ; elapsed = 00:00:04 . Memory (MB): peak = 1233.418 ; gain = 13.602

Phase 4.3 Placer Reporting
Phase 4.3 Placer Reporting | Checksum: 1590ac5df

Time (s): cpu = 00:00:06 ; elapsed = 00:00:04 . Memory (MB): peak = 1233.418 ; gain = 13.602

Phase 4.4 Final Placement Cleanup
Phase 4.4 Final Placement Cleanup | Checksum: 18ca7c16e

Time (s): cpu = 00:00:06 ; elapsed = 00:00:04 . Memory (MB): peak = 1233.418 ; gain = 13.602
Phase 4 Post Placement Optimization and Clean-Up | Checksum: 18ca7c16e

Time (s): cpu = 00:00:06 ; elapsed = 00:00:04 . Memory (MB): peak = 1233.418 ; gain = 13.602
Ending Placer Task | Checksum: 16c3e09bd

Time (s): cpu = 00:00:06 ; elapsed = 00:00:04 . Memory (MB): peak = 1233.418 ; gain = 13.602
INFO: [Common 17-83] Releasing license: Implementation
41 Infos, 4 Warnings, 2 Critical Warnings and 0 Errors encountered.
place_design completed successfully
INFO: [Timing 38-480] Writing timing data to binary archive.
Writing placer database...
Writing XDEF routing.
Writing XDEF routing logical nets.
Writing XDEF routing special nets.
Write XDEF Complete: Time (s): cpu = 00:00:00 ; elapsed = 00:00:00.158 . Memory (MB): peak = 1236.480 ; gain = 3.063
INFO: [Common 17-1381] The checkpoint 'C:/Users/hs696802/Desktop/servo_middle/servo_middle.runs/impl_1/servos_placed.dcp' has been generated.
INFO: [runtcl-4] Executing : report_io -file servos_io_placed.rpt
report_io: Time (s): cpu = 00:00:00 ; elapsed = 00:00:00.060 . Memory (MB): peak = 1240.754 ; gain = 1.266
INFO: [runtcl-4] Executing : report_utilization -file servos_utilization_placed.rpt -pb servos_utilization_placed.pb
report_utilization: Time (s): cpu = 00:00:00 ; elapsed = 00:00:00.048 . Memory (MB): peak = 1240.754 ; gain = 0.000
INFO: [runtcl-4] Executing : report_control_sets -verbose -file servos_control_sets_placed.rpt
report_control_sets: Time (s): cpu = 00:00:00 ; elapsed = 00:00:00.007 . Memory (MB): peak = 1240.754 ; gain = 0.000
Command: route_design
Attempting to get a license for feature 'Implementation' and/or device 'xc7z020'
INFO: [Common 17-349] Got license for feature 'Implementation' and/or device 'xc7z020'
Running DRC as a precondition to command route_design
INFO: [DRC 23-27] Running DRC with 2 threads
INFO: [Vivado_Tcl 4-198] DRC finished with 0 Errors
INFO: [Vivado_Tcl 4-199] Please refer to the DRC report (report_drc) for more information.


Starting Routing Task
INFO: [Route 35-254] Multithreading enabled for route_design using a maximum of 2 CPUs
Checksum: PlaceDB: 9ebdb1aa ConstDB: 0 ShapeSum: cd805813 RouteDB: 0

Phase 1 Build RT Design
Phase 1 Build RT Design | Checksum: 1223dbc06

Time (s): cpu = 00:00:28 ; elapsed = 00:00:25 . Memory (MB): peak = 1379.332 ; gain = 137.887
Post Restoration Checksum: NetGraph: 8141ada6 NumContArr: a0fc0e60 Constraints: 0 Timing: 0

Phase 2 Router Initialization
INFO: [Route 35-64] No timing constraints were detected. The router will operate in resource-optimization mode.

Phase 2.1 Fix Topology Constraints
Phase 2.1 Fix Topology Constraints | Checksum: 1223dbc06

Time (s): cpu = 00:00:28 ; elapsed = 00:00:25 . Memory (MB): peak = 1386.453 ; gain = 145.008

Phase 2.2 Pre Route Cleanup
Phase 2.2 Pre Route Cleanup | Checksum: 1223dbc06

Time (s): cpu = 00:00:28 ; elapsed = 00:00:25 . Memory (MB): peak = 1386.453 ; gain = 145.008
 Number of Nodes with overlaps = 0
Phase 2 Router Initialization | Checksum: 16b57ea84

Time (s): cpu = 00:00:28 ; elapsed = 00:00:25 . Memory (MB): peak = 1395.582 ; gain = 154.137

Phase 3 Initial Routing
Phase 3 Initial Routing | Checksum: 150838b0d

Time (s): cpu = 00:00:28 ; elapsed = 00:00:25 . Memory (MB): peak = 1395.582 ; gain = 154.137

Phase 4 Rip-up And Reroute

Phase 4.1 Global Iteration 0
 Number of Nodes with overlaps = 173
 Number of Nodes with overlaps = 1
 Number of Nodes with overlaps = 1
 Number of Nodes with overlaps = 1
 Number of Nodes with overlaps = 0
Phase 4.1 Global Iteration 0 | Checksum: 1670c8e95

Time (s): cpu = 00:00:29 ; elapsed = 00:00:26 . Memory (MB): peak = 1395.582 ; gain = 154.137
Phase 4 Rip-up And Reroute | Checksum: 1670c8e95

Time (s): cpu = 00:00:29 ; elapsed = 00:00:26 . Memory (MB): peak = 1395.582 ; gain = 154.137

Phase 5 Delay and Skew Optimization
Phase 5 Delay and Skew Optimization | Checksum: 1670c8e95

Time (s): cpu = 00:00:29 ; elapsed = 00:00:26 . Memory (MB): peak = 1395.582 ; gain = 154.137

Phase 6 Post Hold Fix

Phase 6.1 Hold Fix Iter
Phase 6.1 Hold Fix Iter | Checksum: 1670c8e95

Time (s): cpu = 00:00:29 ; elapsed = 00:00:26 . Memory (MB): peak = 1395.582 ; gain = 154.137
Phase 6 Post Hold Fix | Checksum: 1670c8e95

Time (s): cpu = 00:00:29 ; elapsed = 00:00:26 . Memory (MB): peak = 1395.582 ; gain = 154.137

Phase 7 Route finalize

Router Utilization Summary
  Global Vertical Routing Utilization    = 0.198664 %
  Global Horizontal Routing Utilization  = 0.261241 %
  Routable Net Status*
  *Does not include unroutable nets such as driverless and loadless.
  Run report_route_status for detailed report.
  Number of Failed Nets               = 0
  Number of Unrouted Nets             = 0
  Number of Partially Routed Nets     = 0
  Number of Node Overlaps             = 0

Congestion Report
North Dir 1x1 Area, Max Cong = 37.8378%, No Congested Regions.
South Dir 1x1 Area, Max Cong = 30.6306%, No Congested Regions.
East Dir 1x1 Area, Max Cong = 48.5294%, No Congested Regions.
West Dir 1x1 Area, Max Cong = 39.7059%, No Congested Regions.

------------------------------
Reporting congestion hotspots
------------------------------
Direction: North
----------------
Congested clusters found at Level 0
Effective congestion level: 0 Aspect Ratio: 1 Sparse Ratio: 0
Direction: South
----------------
Congested clusters found at Level 0
Effective congestion level: 0 Aspect Ratio: 1 Sparse Ratio: 0
Direction: East
----------------
Congested clusters found at Level 0
Effective congestion level: 0 Aspect Ratio: 1 Sparse Ratio: 0
Direction: West
----------------
Congested clusters found at Level 0
Effective congestion level: 0 Aspect Ratio: 1 Sparse Ratio: 0

Phase 7 Route finalize | Checksum: 1670c8e95

Time (s): cpu = 00:00:29 ; elapsed = 00:00:26 . Memory (MB): peak = 1395.582 ; gain = 154.137

Phase 8 Verifying routed nets

 Verification completed successfully
Phase 8 Verifying routed nets | Checksum: 1670c8e95

Time (s): cpu = 00:00:29 ; elapsed = 00:00:26 . Memory (MB): peak = 1395.582 ; gain = 154.137

Phase 9 Depositing Routes
Phase 9 Depositing Routes | Checksum: 1b967e345

Time (s): cpu = 00:00:29 ; elapsed = 00:00:26 . Memory (MB): peak = 1395.582 ; gain = 154.137
INFO: [Route 35-16] Router Completed Successfully

Time (s): cpu = 00:00:29 ; elapsed = 00:00:26 . Memory (MB): peak = 1395.582 ; gain = 154.137

Routing Is Done.
INFO: [Common 17-83] Releasing license: Implementation
54 Infos, 4 Warnings, 2 Critical Warnings and 0 Errors encountered.
route_design completed successfully
route_design: Time (s): cpu = 00:00:31 ; elapsed = 00:00:27 . Memory (MB): peak = 1395.582 ; gain = 154.828
INFO: [Timing 38-480] Writing timing data to binary archive.
Writing placer database...
Writing XDEF routing.
Writing XDEF routing logical nets.
Writing XDEF routing special nets.
Write XDEF Complete: Time (s): cpu = 00:00:01 ; elapsed = 00:00:00.192 . Memory (MB): peak = 1395.582 ; gain = 0.000
INFO: [Common 17-1381] The checkpoint 'C:/Users/hs696802/Desktop/servo_middle/servo_middle.runs/impl_1/servos_routed.dcp' has been generated.
INFO: [runtcl-4] Executing : report_drc -file servos_drc_routed.rpt -pb servos_drc_routed.pb -rpx servos_drc_routed.rpx
Command: report_drc -file servos_drc_routed.rpt -pb servos_drc_routed.pb -rpx servos_drc_routed.rpx
INFO: [DRC 23-27] Running DRC with 2 threads
INFO: [Coretcl 2-168] The results of DRC are in file C:/Users/hs696802/Desktop/servo_middle/servo_middle.runs/impl_1/servos_drc_routed.rpt.
report_drc completed successfully
INFO: [runtcl-4] Executing : report_methodology -file servos_methodology_drc_routed.rpt -pb servos_methodology_drc_routed.pb -rpx servos_methodology_drc_routed.rpx
Command: report_methodology -file servos_methodology_drc_routed.rpt -pb servos_methodology_drc_routed.pb -rpx servos_methodology_drc_routed.rpx
INFO: [Timing 38-35] Done setting XDC timing constraints.
INFO: [Timing 38-35] Done setting XDC timing constraints.
INFO: [DRC 23-133] Running Methodology with 2 threads
INFO: [Coretcl 2-1520] The results of Report Methodology are in file C:/Users/hs696802/Desktop/servo_middle/servo_middle.runs/impl_1/servos_methodology_drc_routed.rpt.
report_methodology completed successfully
INFO: [runtcl-4] Executing : report_power -file servos_power_routed.rpt -pb servos_power_summary_routed.pb -rpx servos_power_routed.rpx
Command: report_power -file servos_power_routed.rpt -pb servos_power_summary_routed.pb -rpx servos_power_routed.rpx
WARNING: [Power 33-232] No user defined clocks were found in the design!
Resolution: Please specify clocks using create_clock/create_generated_clock for sequential elements. For pure combinatorial circuits, please specify a virtual clock, otherwise the vectorless estimation might be inaccurate
INFO: [Timing 38-35] Done setting XDC timing constraints.
Running Vector-less Activity Propagation...

Finished Running Vector-less Activity Propagation
66 Infos, 5 Warnings, 2 Critical Warnings and 0 Errors encountered.
report_power completed successfully
INFO: [runtcl-4] Executing : report_route_status -file servos_route_status.rpt -pb servos_route_status.pb
INFO: [runtcl-4] Executing : report_timing_summary -max_paths 10 -file servos_timing_summary_routed.rpt -pb servos_timing_summary_routed.pb -rpx servos_timing_summary_routed.rpx -warn_on_violation 
INFO: [Timing 38-91] UpdateTimingParams: Speed grade: -1, Delay Type: min_max, Timing Stage: Requireds.
INFO: [Timing 38-191] Multithreading enabled for timing update using a maximum of 2 CPUs
WARNING: [Timing 38-313] There are no user specified timing constraints. Timing constraints are needed for proper timing analysis.
INFO: [runtcl-4] Executing : report_incremental_reuse -file servos_incremental_reuse_routed.rpt
INFO: [Vivado_Tcl 4-545] No incremental reuse to report, no incremental placement and routing data was found.
INFO: [runtcl-4] Executing : report_clock_utilization -file servos_clock_utilization_routed.rpt
INFO: [runtcl-4] Executing : report_bus_skew -warn_on_violation -file servos_bus_skew_routed.rpt -pb servos_bus_skew_routed.pb -rpx servos_bus_skew_routed.rpx
INFO: [Timing 38-91] UpdateTimingParams: Speed grade: -1, Delay Type: min_max, Timing Stage: Requireds.
INFO: [Timing 38-191] Multithreading enabled for timing update using a maximum of 2 CPUs
INFO: [Common 17-206] Exiting Vivado at Sun Nov 18 16:23:32 2018...
